2020-05-30T11:05:06+00:00 CRITICAL Uncaught ArgumentCountError: Too few arguments to function wc_get_template_part(), 0 passed in D:\OpenS\OSPanel\domains\wp-shop.local\wp-content\themes\web\templates\latest-products.php on line 46 and at least 1 expected in D:\OpenS\OSPanel\domains\wp-shop.local\wp-content\plugins\woocommerce\includes\wc-core-functions.php:161
Stack trace:
#0 D:\OpenS\OSPanel\domains\wp-shop.local\wp-content\themes\web\templates\latest-products.php(46): wc_get_template_part()
#1 D:\OpenS\OSPanel\domains\wp-shop.local\wp-includes\template.php(724): require('D:\\OpenS\\OSPane...')
#2 D:\OpenS\OSPanel\domains\wp-shop.local\wp-includes\template.php(671): load_template('D:\\OpenS\\OSPane...', false)
#3 D:\OpenS\OSPanel\domains\wp-shop.local\wp-includes\general-template.php(168): locate_template(Array, true, false)
#4 D:\OpenS\OSPanel\domains\wp-shop.local\wp-content\themes\web\woocommerce\archive-product.php(6): get_template_part('templates/lates...', 'products')
#5 D:\OpenS\OSPanel\domains\wp-shop.local\wp-includes\template-loade в D:\OpenS\OSPanel\domains\wp-shop.local\wp-content\plugins\woocommerce\includes\wc-core-functions.php на строке 161

2020-05-30T11:05:08+00:00 CRITICAL Uncaught ArgumentCountError: Too few arguments to function wc_get_template_part(), 0 passed in D:\OpenS\OSPanel\domains\wp-shop.local\wp-content\themes\web\templates\latest-products.php on line 46 and at least 1 expected in D:\OpenS\OSPanel\domains\wp-shop.local\wp-content\plugins\woocommerce\includes\wc-core-functions.php:161
Stack trace:
#0 D:\OpenS\OSPanel\domains\wp-shop.local\wp-content\themes\web\templates\latest-products.php(46): wc_get_template_part()
#1 D:\OpenS\OSPanel\domains\wp-shop.local\wp-includes\template.php(724): require('D:\\OpenS\\OSPane...')
#2 D:\OpenS\OSPanel\domains\wp-shop.local\wp-includes\template.php(671): load_template('D:\\OpenS\\OSPane...', false)
#3 D:\OpenS\OSPanel\domains\wp-shop.local\wp-includes\general-template.php(168): locate_template(Array, true, false)
#4 D:\OpenS\OSPanel\domains\wp-shop.local\wp-content\themes\web\woocommerce\archive-product.php(6): get_template_part('templates/lates...', 'products')
#5 D:\OpenS\OSPanel\domains\wp-shop.local\wp-includes\template-loade в D:\OpenS\OSPanel\domains\wp-shop.local\wp-content\plugins\woocommerce\includes\wc-core-functions.php на строке 161

2020-05-30T11:05:11+00:00 CRITICAL Uncaught ArgumentCountError: Too few arguments to function wc_get_template_part(), 0 passed in D:\OpenS\OSPanel\domains\wp-shop.local\wp-content\themes\web\templates\latest-products.php on line 46 and at least 1 expected in D:\OpenS\OSPanel\domains\wp-shop.local\wp-content\plugins\woocommerce\includes\wc-core-functions.php:161
Stack trace:
#0 D:\OpenS\OSPanel\domains\wp-shop.local\wp-content\themes\web\templates\latest-products.php(46): wc_get_template_part()
#1 D:\OpenS\OSPanel\domains\wp-shop.local\wp-includes\template.php(724): require('D:\\OpenS\\OSPane...')
#2 D:\OpenS\OSPanel\domains\wp-shop.local\wp-includes\template.php(671): load_template('D:\\OpenS\\OSPane...', false)
#3 D:\OpenS\OSPanel\domains\wp-shop.local\wp-includes\general-template.php(168): locate_template(Array, true, false)
#4 D:\OpenS\OSPanel\domains\wp-shop.local\wp-content\themes\web\woocommerce\archive-product.php(6): get_template_part('templates/lates...', 'products')
#5 D:\OpenS\OSPanel\domains\wp-shop.local\wp-includes\template-loade в D:\OpenS\OSPanel\domains\wp-shop.local\wp-content\plugins\woocommerce\includes\wc-core-functions.php на строке 161

